Start testing: Feb 07 04:04 India Standard Time
----------------------------------------------------------
1/1 Testing: vectrax_smoke
1/1 Test: vectrax_smoke
Command: "C:/Users/HPW/Desktop/Vectra-X/Vectra-X/build_ninja/vectrax_smoke_test.exe"
Directory: C:/Users/HPW/Desktop/Vectra-X/Vectra-X/build_ninja
"vectrax_smoke" start time: Feb 07 04:04 India Standard Time
Output:
----------------------------------------------------------
<end of output>
Test time =   0.07 sec
----------------------------------------------------------
Test Passed.
"vectrax_smoke" end time: Feb 07 04:04 India Standard Time
"vectrax_smoke" time elapsed: 00:00:00
----------------------------------------------------------

End testing: Feb 07 04:04 India Standard Time
